<?xml version="1.0" encoding="UTF-8"?>
<testng-results skipped="0" failed="0" total="1" passed="1">
  <reporter-output>
  </reporter-output>
  <suite name="Default suite" duration-ms="37361" started-at="2019-10-23T07:42:44Z" finished-at="2019-10-23T07:43:22Z">
    <groups>
    </groups>
    <test name="Default test" duration-ms="37361" started-at="2019-10-23T07:42:44Z" finished-at="2019-10-23T07:43:22Z">
      <class name="com.training.sanity.tests.RetailRegistrationRTTC_001">
        <test-method status="PASS" signature="setUpBeforeClass()[pri:0, instance:com.training.sanity.tests.RetailRegistrationRTTC_001@1bce4f0a]" name="setUpBeforeClass" is-config="true" duration-ms="16" started-at="2019-10-23T13:12:44Z" finished-at="2019-10-23T13:12:44Z">
          <reporter-output>
          </reporter-output>
        </test-method> <!-- setUpBeforeClass -->
        <test-method status="PASS" signature="setUp()[pri:0, instance:com.training.sanity.tests.RetailRegistrationRTTC_001@1bce4f0a]" name="setUp" is-config="true" duration-ms="19217" started-at="2019-10-23T13:12:44Z" finished-at="2019-10-23T13:13:04Z">
          <reporter-output>
          </reporter-output>
        </test-method> <!-- setUp -->
        <test-method status="PASS" signature="Register()[pri:0, instance:com.training.sanity.tests.RetailRegistrationRTTC_001@1bce4f0a]" name="Register" duration-ms="16202" started-at="2019-10-23T13:13:04Z" finished-at="2019-10-23T13:13:20Z">
          <reporter-output>
          </reporter-output>
        </test-method> <!-- Register -->
        <test-method status="PASS" signature="tearDown()[pri:0, instance:com.training.sanity.tests.RetailRegistrationRTTC_001@1bce4f0a]" name="tearDown" is-config="true" duration-ms="1895" started-at="2019-10-23T13:13:20Z" finished-at="2019-10-23T13:13:22Z">
          <reporter-output>
          </reporter-output>
        </test-method> <!-- tearDown -->
      </class> <!-- com.training.sanity.tests.RetailRegistrationRTTC_001 -->
    </test> <!-- Default test -->
  </suite> <!-- Default suite -->
</testng-results>
